<?xml version="1.0" encoding="UTF-8"?>
<testng-results ignored="0" total="2" passed="0" failed="2" skipped="0">
  <reporter-output>
  </reporter-output>
  <suite started-at="2021-01-27T05:22:16Z" name="Suite" finished-at="2021-01-27T05:24:01Z" duration-ms="104631">
    <groups>
    </groups>
    <test started-at="2021-01-27T05:22:16Z" name="Test1" finished-at="2021-01-27T05:24:01Z" duration-ms="104631">
      <class name="TestClass.Valid_Test">
        <test-method is-config="true" signature="Initial()[pri:0, instance:TestClass.Valid_Test@4a22f9e2]" started-at="2021-01-27T05:22:06Z" name="Initial" finished-at="2021-01-27T05:22:16Z" duration-ms="10530" status="PASS">
          <reporter-output>
          </reporter-output>
        </test-method> <!-- Initial -->
        <test-method signature="Test1(java.lang.String, java.lang.String, java.lang.String, java.lang.String, java.lang.String, java.lang.String, java.lang.String, java.lang.String, java.lang.String, java.lang.String, java.lang.String, java.lang.String, java.lang.String, java.lang.String, java.lang.String, java.lang.String, java.lang.String, java.lang.String, java.lang.String, java.lang.String, java.lang.String, java.lang.String, java.lang.String, java.lang.String, java.lang.String, java.lang.String, java.lang.String, java.lang.String, java.lang.String, java.lang.String, java.lang.String, java.lang.String, java.lang.String, java.lang.String, java.lang.String, java.lang.String, java.lang.String, java.lang.String)[pri:1, instance:TestClass.Valid_Test@4a22f9e2]" started-at="2021-01-27T05:22:17Z" name="Test1" data-provider="Test1" finished-at="2021-01-27T05:23:43Z" duration-ms="85668" status="FAIL">
          <params>
            <param index="0">
              <value>
                <![CDATA[03820]]>
              </value>
            </param>
            <param index="1">
              <value>
                <![CDATA[Prashant]]>
              </value>
            </param>
            <param index="2">
              <value>
                <![CDATA[Dhar]]>
              </value>
            </param>
            <param index="3">
              <value>
                <![CDATA[10/11/1997]]>
              </value>
            </param>
            <param index="4">
              <value>
                <![CDATA[House No. 14]]>
              </value>
            </param>
            <param index="5">
              <value>
                <![CDATA[Central Park street]]>
              </value>
            </param>
            <param index="6">
              <value>
                <![CDATA[No]]>
              </value>
            </param>
            <param index="7">
              <value>
                <![CDATA[h.no 2]]>
              </value>
            </param>
            <param index="8">
              <value>
                <![CDATA[1 Street]]>
              </value>
            </param>
            <param index="9">
              <value>
                <![CDATA[03820]]>
              </value>
            </param>
            <param index="10">
              <value>
                <![CDATA[rahul@gmail.com]]>
              </value>
            </param>
            <param index="11">
              <value>
                <![CDATA[5NPEB4ACXDH537662]]>
              </value>
            </param>
            <param index="12">
              <value>
                <![CDATA[lease]]>
              </value>
            </param>
            <param index="13">
              <value>
                <![CDATA[yes]]>
              </value>
            </param>
            <param index="14">
              <value>
                <![CDATA[]]>
              </value>
            </param>
            <param index="15">
              <value>
                <![CDATA[]]>
              </value>
            </param>
            <param index="16">
              <value>
                <![CDATA[]]>
              </value>
            </param>
            <param index="17">
              <value>
                <![CDATA[]]>
              </value>
            </param>
            <param index="18">
              <value>
                <![CDATA[yes]]>
              </value>
            </param>
            <param index="19">
              <value>
                <![CDATA[male]]>
              </value>
            </param>
            <param index="20">
              <value>
                <![CDATA[18]]>
              </value>
            </param>
            <param index="21">
              <value>
                <![CDATA[no]]>
              </value>
            </param>
            <param index="22">
              <value>
                <![CDATA[8888876987]]>
              </value>
            </param>
            <param index="23">
              <value>
                <![CDATA[Yes]]>
              </value>
            </param>
            <param index="24">
              <value>
                <![CDATA[landlord]]>
              </value>
            </param>
            <param index="25">
              <value>
                <![CDATA[military]]>
              </value>
            </param>
            <param index="26">
              <value>
                <![CDATA[bachelor]]>
              </value>
            </param>
            <param index="27">
              <value>
                <![CDATA[condo]]>
              </value>
            </param>
            <param index="28">
              <value>
                <![CDATA[yes]]>
              </value>
            </param>
            <param index="29">
              <value>
                <![CDATA[iphone]]>
              </value>
            </param>
            <param index="30">
              <value>
                <![CDATA[No]]>
              </value>
            </param>
            <param index="31">
              <value>
                <![CDATA[]]>
              </value>
            </param>
            <param index="32">
              <value>
                <![CDATA[yes]]>
              </value>
            </param>
            <param index="33">
              <value>
                <![CDATA[01/1997]]>
              </value>
            </param>
            <param index="34">
              <value>
                <![CDATA[50000]]>
              </value>
            </param>
            <param index="35">
              <value>
                <![CDATA[]]>
              </value>
            </param>
            <param index="36">
              <value>
                <![CDATA[]]>
              </value>
            </param>
            <param index="37">
              <value>
                <![CDATA[January 28, 2021]]>
              </value>
            </param>
          </params>
          <exception class="org.openqa.selenium.WebDriverException">
            <message>
              <![CDATA[chrome not reachable
  (Session info: chrome=88.0.4324.104)
Build info: version: '3.141.59', revision: 'e82be7d358', time: '2018-11-14T08:17:03'
System info: host: 'DESKTOP-18OKU31', ip: '192.168.0.111', os.name: 'Windows 10', os.arch: 'amd64', os.version: '10.0', java.version: '14.0.1'
Driver info: org.openqa.selenium.remote.RemoteWebDriver
Capabilities {acceptInsecureCerts: false, browserName: chrome, browserVersion: 88.0.4324.104, chrome: {chromedriverVersion: 87.0.4280.88 (89e2380a3e36c..., userDataDir: C:\Users\91950\AppData\Loca...}, goog:chromeOptions: {debuggerAddress: localhost:63713}, javascriptEnabled: true, networkConnectionEnabled: false, pageLoadStrategy: normal, platform: WINDOWS, platformName: WINDOWS, proxy: Proxy(), setWindowRect: true, strictFileInteractability: false, timeouts: {implicit: 0, pageLoad: 300000, script: 30000}, unhandledPromptBehavior: dismiss and notify, webauthn:virtualAuthenticators: true, webdriver.remote.sessionid: a7a49f3a6ae6a8647adb1707feb...}
Session ID: a7a49f3a6ae6a8647adb1707feb87481
*** Element info: {Using=xpath, value=//span[text()='Landlord']}]]>
            </message>
            <full-stacktrace>
              <![CDATA[org.openqa.selenium.WebDriverException: chrome not reachable
  (Session info: chrome=88.0.4324.104)
Build info: version: '3.141.59', revision: 'e82be7d358', time: '2018-11-14T08:17:03'
System info: host: 'DESKTOP-18OKU31', ip: '192.168.0.111', os.name: 'Windows 10', os.arch: 'amd64', os.version: '10.0', java.version: '14.0.1'
Driver info: org.openqa.selenium.remote.RemoteWebDriver
Capabilities {acceptInsecureCerts: false, browserName: chrome, browserVersion: 88.0.4324.104, chrome: {chromedriverVersion: 87.0.4280.88 (89e2380a3e36c..., userDataDir: C:\Users\91950\AppData\Loca...}, goog:chromeOptions: {debuggerAddress: localhost:63713}, javascriptEnabled: true, networkConnectionEnabled: false, pageLoadStrategy: normal, platform: WINDOWS, platformName: WINDOWS, proxy: Proxy(), setWindowRect: true, strictFileInteractability: false, timeouts: {implicit: 0, pageLoad: 300000, script: 30000}, unhandledPromptBehavior: dismiss and notify, webauthn:virtualAuthenticators: true, webdriver.remote.sessionid: a7a49f3a6ae6a8647adb1707feb...}
Session ID: a7a49f3a6ae6a8647adb1707feb87481
*** Element info: {Using=xpath, value=//span[text()='Landlord']}
at java.base/jdk.internal.reflect.NativeConstructorAccessorImpl.newInstance0(Native Method)
at java.base/jdk.internal.reflect.NativeConstructorAccessorImpl.newInstance(NativeConstructorAccessorImpl.java:62)
at java.base/jdk.internal.reflect.DelegatingConstructorAccessorImpl.newInstance(DelegatingConstructorAccessorImpl.java:45)
at java.base/java.lang.reflect.Constructor.newInstanceWithCaller(Constructor.java:500)
at java.base/java.lang.reflect.Constructor.newInstance(Constructor.java:481)
at org.openqa.selenium.remote.http.W3CHttpResponseCodec.createException(W3CHttpResponseCodec.java:187)
at org.openqa.selenium.remote.http.W3CHttpResponseCodec.decode(W3CHttpResponseCodec.java:122)
at org.openqa.selenium.remote.http.W3CHttpResponseCodec.decode(W3CHttpResponseCodec.java:49)
at org.openqa.selenium.remote.HttpCommandExecutor.execute(HttpCommandExecutor.java:158)
at org.openqa.selenium.remote.RemoteWebDriver.execute(RemoteWebDriver.java:552)
at org.openqa.selenium.remote.RemoteWebDriver.findElement(RemoteWebDriver.java:323)
at org.openqa.selenium.remote.RemoteWebDriver.findElementByXPath(RemoteWebDriver.java:428)
at org.openqa.selenium.By$ByXPath.findElement(By.java:353)
at org.openqa.selenium.remote.RemoteWebDriver.findElement(RemoteWebDriver.java:315)
at repository.DiscountRepo.getLandLord(DiscountRepo.java:53)
at pageClasses.Discount.policiesYouHave(Discount.java:51)
at TestClass.Valid_Test.Test1(Valid_Test.java:261)
at java.base/jdk.internal.reflect.NativeMethodAccessorImpl.invoke0(Native Method)
at java.base/jdk.internal.reflect.NativeMethodAccessorImpl.invoke(NativeMethodAccessorImpl.java:62)
at java.base/jdk.internal.reflect.DelegatingMethodAccessorImpl.invoke(DelegatingMethodAccessorImpl.java:43)
at java.base/java.lang.reflect.Method.invoke(Method.java:564)
at org.testng.internal.MethodInvocationHelper.invokeMethod(MethodInvocationHelper.java:124)
at org.testng.internal.Invoker.invokeMethod(Invoker.java:583)
at org.testng.internal.Invoker.invokeTestMethod(Invoker.java:719)
at org.testng.internal.Invoker.invokeTestMethods(Invoker.java:989)
at org.testng.internal.TestMethodWorker.invokeTestMethods(TestMethodWorker.java:125)
at org.testng.internal.TestMethodWorker.run(TestMethodWorker.java:109)
at org.testng.TestRunner.privateRun(TestRunner.java:648)
at org.testng.TestRunner.run(TestRunner.java:505)
at org.testng.SuiteRunner.runTest(SuiteRunner.java:455)
at org.testng.SuiteRunner.access$000(SuiteRunner.java:40)
at org.testng.SuiteRunner$SuiteWorker.run(SuiteRunner.java:489)
at org.testng.internal.thread.ThreadUtil$1.call(ThreadUtil.java:52)
at java.base/java.util.concurrent.FutureTask.run(FutureTask.java:264)
at java.base/java.util.concurrent.ThreadPoolExecutor.runWorker(ThreadPoolExecutor.java:1130)
at java.base/java.util.concurrent.ThreadPoolExecutor$Worker.run(ThreadPoolExecutor.java:630)
at java.base/java.lang.Thread.run(Thread.java:832)
]]>
            </full-stacktrace>
          </exception> <!-- org.openqa.selenium.WebDriverException -->
          <reporter-output>
          </reporter-output>
        </test-method> <!-- Test1 -->
        <test-method signature="Test1(java.lang.String, java.lang.String, java.lang.String, java.lang.String, java.lang.String, java.lang.String, java.lang.String, java.lang.String, java.lang.String, java.lang.String, java.lang.String, java.lang.String, java.lang.String, java.lang.String, java.lang.String, java.lang.String, java.lang.String, java.lang.String, java.lang.String, java.lang.String, java.lang.String, java.lang.String, java.lang.String, java.lang.String, java.lang.String, java.lang.String, java.lang.String, java.lang.String, java.lang.String, java.lang.String, java.lang.String, java.lang.String, java.lang.String, java.lang.String, java.lang.String, java.lang.String, java.lang.String, java.lang.String)[pri:1, instance:TestClass.Valid_Test@4a22f9e2]" started-at="2021-01-27T05:23:43Z" name="Test1" data-provider="Test1" finished-at="2021-01-27T05:24:01Z" duration-ms="18033" status="FAIL">
          <params>
            <param index="0">
              <value>
                <![CDATA[03820]]>
              </value>
            </param>
            <param index="1">
              <value>
                <![CDATA[Paridhi]]>
              </value>
            </param>
            <param index="2">
              <value>
                <![CDATA[Mittal]]>
              </value>
            </param>
            <param index="3">
              <value>
                <![CDATA[11/01/1998]]>
              </value>
            </param>
            <param index="4">
              <value>
                <![CDATA[House No. 2]]>
              </value>
            </param>
            <param index="5">
              <value>
                <![CDATA[Palk street]]>
              </value>
            </param>
            <param index="6">
              <value>
                <![CDATA[Yes]]>
              </value>
            </param>
            <param index="7">
              <value>
                <![CDATA[]]>
              </value>
            </param>
            <param index="8">
              <value>
                <![CDATA[]]>
              </value>
            </param>
            <param index="9">
              <value>
                <![CDATA[]]>
              </value>
            </param>
            <param index="10">
              <value>
                <![CDATA[abcd@gmail.com]]>
              </value>
            </param>
            <param index="11">
              <value>
                <![CDATA[5TDDK3DC6ES077574]]>
              </value>
            </param>
            <param index="12">
              <value>
                <![CDATA[finance]]>
              </value>
            </param>
            <param index="13">
              <value>
                <![CDATA[no]]>
              </value>
            </param>
            <param index="14">
              <value>
                <![CDATA[h.no 2]]>
              </value>
            </param>
            <param index="15">
              <value>
                <![CDATA[1 Street]]>
              </value>
            </param>
            <param index="16">
              <value>
                <![CDATA[03820]]>
              </value>
            </param>
            <param index="17">
              <value>
                <![CDATA[Dover]]>
              </value>
            </param>
            <param index="18">
              <value>
                <![CDATA[no]]>
              </value>
            </param>
            <param index="19">
              <value>
                <![CDATA[female]]>
              </value>
            </param>
            <param index="20">
              <value>
                <![CDATA[19]]>
              </value>
            </param>
            <param index="21">
              <value>
                <![CDATA[no]]>
              </value>
            </param>
            <param index="22">
              <value>
                <![CDATA[7688889898]]>
              </value>
            </param>
            <param index="23">
              <value>
                <![CDATA[No]]>
              </value>
            </param>
            <param index="24">
              <value>
                <![CDATA[]]>
              </value>
            </param>
            <param index="25">
              <value>
                <![CDATA[student]]>
              </value>
            </param>
            <param index="26">
              <value>
                <![CDATA[vocational]]>
              </value>
            </param>
            <param index="27">
              <value>
                <![CDATA[mobile home]]>
              </value>
            </param>
            <param index="28">
              <value>
                <![CDATA[Yes]]>
              </value>
            </param>
            <param index="29">
              <value>
                <![CDATA[android]]>
              </value>
            </param>
            <param index="30">
              <value>
                <![CDATA[Yes]]>
              </value>
            </param>
            <param index="31">
              <value>
                <![CDATA[1231231231]]>
              </value>
            </param>
            <param index="32">
              <value>
                <![CDATA[yes]]>
              </value>
            </param>
            <param index="33">
              <value>
                <![CDATA[02/1998]]>
              </value>
            </param>
            <param index="34">
              <value>
                <![CDATA[]]>
              </value>
            </param>
            <param index="35">
              <value>
                <![CDATA[]]>
              </value>
            </param>
            <param index="36">
              <value>
                <![CDATA[]]>
              </value>
            </param>
            <param index="37">
              <value>
                <![CDATA[January 27, 2021]]>
              </value>
            </param>
          </params>
          <exception class="org.openqa.selenium.WebDriverException">
            <message>
              <![CDATA[chrome not reachable
  (Session info: chrome=88.0.4324.104)
Build info: version: '3.141.59', revision: 'e82be7d358', time: '2018-11-14T08:17:03'
System info: host: 'DESKTOP-18OKU31', ip: '192.168.0.111', os.name: 'Windows 10', os.arch: 'amd64', os.version: '10.0', java.version: '14.0.1'
Driver info: org.openqa.selenium.remote.RemoteWebDriver
Capabilities {acceptInsecureCerts: false, browserName: chrome, browserVersion: 88.0.4324.104, chrome: {chromedriverVersion: 87.0.4280.88 (89e2380a3e36c..., userDataDir: C:\Users\91950\AppData\Loca...}, goog:chromeOptions: {debuggerAddress: localhost:63713}, javascriptEnabled: true, networkConnectionEnabled: false, pageLoadStrategy: normal, platform: WINDOWS, platformName: WINDOWS, proxy: Proxy(), setWindowRect: true, strictFileInteractability: false, timeouts: {implicit: 0, pageLoad: 300000, script: 30000}, unhandledPromptBehavior: dismiss and notify, webauthn:virtualAuthenticators: true, webdriver.remote.sessionid: a7a49f3a6ae6a8647adb1707feb...}
Session ID: a7a49f3a6ae6a8647adb1707feb87481
*** Element info: {Using=xpath, value=//input[@name='zipCode']}]]>
            </message>
            <full-stacktrace>
              <![CDATA[org.openqa.selenium.WebDriverException: chrome not reachable
  (Session info: chrome=88.0.4324.104)
Build info: version: '3.141.59', revision: 'e82be7d358', time: '2018-11-14T08:17:03'
System info: host: 'DESKTOP-18OKU31', ip: '192.168.0.111', os.name: 'Windows 10', os.arch: 'amd64', os.version: '10.0', java.version: '14.0.1'
Driver info: org.openqa.selenium.remote.RemoteWebDriver
Capabilities {acceptInsecureCerts: false, browserName: chrome, browserVersion: 88.0.4324.104, chrome: {chromedriverVersion: 87.0.4280.88 (89e2380a3e36c..., userDataDir: C:\Users\91950\AppData\Loca...}, goog:chromeOptions: {debuggerAddress: localhost:63713}, javascriptEnabled: true, networkConnectionEnabled: false, pageLoadStrategy: normal, platform: WINDOWS, platformName: WINDOWS, proxy: Proxy(), setWindowRect: true, strictFileInteractability: false, timeouts: {implicit: 0, pageLoad: 300000, script: 30000}, unhandledPromptBehavior: dismiss and notify, webauthn:virtualAuthenticators: true, webdriver.remote.sessionid: a7a49f3a6ae6a8647adb1707feb...}
Session ID: a7a49f3a6ae6a8647adb1707feb87481
*** Element info: {Using=xpath, value=//input[@name='zipCode']}
at java.base/jdk.internal.reflect.NativeConstructorAccessorImpl.newInstance0(Native Method)
at java.base/jdk.internal.reflect.NativeConstructorAccessorImpl.newInstance(NativeConstructorAccessorImpl.java:62)
at java.base/jdk.internal.reflect.DelegatingConstructorAccessorImpl.newInstance(DelegatingConstructorAccessorImpl.java:45)
at java.base/java.lang.reflect.Constructor.newInstanceWithCaller(Constructor.java:500)
at java.base/java.lang.reflect.Constructor.newInstance(Constructor.java:481)
at org.openqa.selenium.remote.http.W3CHttpResponseCodec.createException(W3CHttpResponseCodec.java:187)
at org.openqa.selenium.remote.http.W3CHttpResponseCodec.decode(W3CHttpResponseCodec.java:122)
at org.openqa.selenium.remote.http.W3CHttpResponseCodec.decode(W3CHttpResponseCodec.java:49)
at org.openqa.selenium.remote.HttpCommandExecutor.execute(HttpCommandExecutor.java:158)
at org.openqa.selenium.remote.RemoteWebDriver.execute(RemoteWebDriver.java:552)
at org.openqa.selenium.remote.RemoteWebDriver.findElement(RemoteWebDriver.java:323)
at org.openqa.selenium.remote.RemoteWebDriver.findElementByXPath(RemoteWebDriver.java:428)
at org.openqa.selenium.By$ByXPath.findElement(By.java:353)
at org.openqa.selenium.remote.RemoteWebDriver.findElement(RemoteWebDriver.java:315)
at repository.HomeRepo.getZipcodeElement(HomeRepo.java:34)
at pageClasses.Home.setZipCode(Home.java:31)
at TestClass.Valid_Test.Test1(Valid_Test.java:71)
at java.base/jdk.internal.reflect.NativeMethodAccessorImpl.invoke0(Native Method)
at java.base/jdk.internal.reflect.NativeMethodAccessorImpl.invoke(NativeMethodAccessorImpl.java:62)
at java.base/jdk.internal.reflect.DelegatingMethodAccessorImpl.invoke(DelegatingMethodAccessorImpl.java:43)
at java.base/java.lang.reflect.Method.invoke(Method.java:564)
at org.testng.internal.MethodInvocationHelper.invokeMethod(MethodInvocationHelper.java:124)
at org.testng.internal.Invoker.invokeMethod(Invoker.java:583)
at org.testng.internal.Invoker.invokeTestMethod(Invoker.java:719)
at org.testng.internal.Invoker.invokeTestMethods(Invoker.java:989)
at org.testng.internal.TestMethodWorker.invokeTestMethods(TestMethodWorker.java:125)
at org.testng.internal.TestMethodWorker.run(TestMethodWorker.java:109)
at org.testng.TestRunner.privateRun(TestRunner.java:648)
at org.testng.TestRunner.run(TestRunner.java:505)
at org.testng.SuiteRunner.runTest(SuiteRunner.java:455)
at org.testng.SuiteRunner.access$000(SuiteRunner.java:40)
at org.testng.SuiteRunner$SuiteWorker.run(SuiteRunner.java:489)
at org.testng.internal.thread.ThreadUtil$1.call(ThreadUtil.java:52)
at java.base/java.util.concurrent.FutureTask.run(FutureTask.java:264)
at java.base/java.util.concurrent.ThreadPoolExecutor.runWorker(ThreadPoolExecutor.java:1130)
at java.base/java.util.concurrent.ThreadPoolExecutor$Worker.run(ThreadPoolExecutor.java:630)
at java.base/java.lang.Thread.run(Thread.java:832)
]]>
            </full-stacktrace>
          </exception> <!-- org.openqa.selenium.WebDriverException -->
          <reporter-output>
          </reporter-output>
        </test-method> <!-- Test1 -->
        <test-method is-config="true" signature="afterSuit()[pri:0, instance:TestClass.Valid_Test@4a22f9e2]" started-at="2021-01-27T05:24:01Z" name="afterSuit" finished-at="2021-01-27T05:24:01Z" duration-ms="1" status="FAIL">
          <exception class="java.lang.NullPointerException">
            <full-stacktrace>
              <![CDATA[java.lang.NullPointerException
at TestClass.Valid_Test.afterSuit(Valid_Test.java:359)
at java.base/jdk.internal.reflect.NativeMethodAccessorImpl.invoke0(Native Method)
at java.base/jdk.internal.reflect.NativeMethodAccessorImpl.invoke(NativeMethodAccessorImpl.java:62)
at java.base/jdk.internal.reflect.DelegatingMethodAccessorImpl.invoke(DelegatingMethodAccessorImpl.java:43)
at java.base/java.lang.reflect.Method.invoke(Method.java:564)
at org.testng.internal.MethodInvocationHelper.invokeMethod(MethodInvocationHelper.java:124)
at org.testng.internal.MethodInvocationHelper.invokeMethodConsideringTimeout(MethodInvocationHelper.java:59)
at org.testng.internal.Invoker.invokeConfigurationMethod(Invoker.java:458)
at org.testng.internal.Invoker.invokeConfigurations(Invoker.java:222)
at org.testng.internal.Invoker.invokeConfigurations(Invoker.java:142)
at org.testng.SuiteRunner.privateRun(SuiteRunner.java:425)
at org.testng.SuiteRunner.run(SuiteRunner.java:364)
at org.testng.SuiteRunnerWorker.runSuite(SuiteRunnerWorker.java:52)
at org.testng.SuiteRunnerWorker.run(SuiteRunnerWorker.java:84)
at org.testng.TestNG.runSuitesSequentially(TestNG.java:1208)
at org.testng.TestNG.runSuitesLocally(TestNG.java:1137)
at org.testng.TestNG.runSuites(TestNG.java:1049)
at org.testng.TestNG.run(TestNG.java:1017)
at org.apache.maven.surefire.testng.TestNGExecutor.run(TestNGExecutor.java:295)
at org.apache.maven.surefire.testng.TestNGXmlTestSuite.execute(TestNGXmlTestSuite.java:84)
at org.apache.maven.surefire.testng.TestNGProvider.invoke(TestNGProvider.java:90)
at org.apache.maven.surefire.booter.ForkedBooter.invokeProviderInSameClassLoader(ForkedBooter.java:203)
at org.apache.maven.surefire.booter.ForkedBooter.runSuitesInProcess(ForkedBooter.java:155)
at org.apache.maven.surefire.booter.ForkedBooter.main(ForkedBooter.java:103)
]]>
            </full-stacktrace>
          </exception> <!-- java.lang.NullPointerException -->
          <reporter-output>
          </reporter-output>
        </test-method> <!-- afterSuit -->
      </class> <!-- TestClass.Valid_Test -->
    </test> <!-- Test1 -->
  </suite> <!-- Suite -->
</testng-results>
